2024-09-06 10:47:15,124 - An error occurred: Missing optional dependency 'openpyxl'.  Use pip or conda to install openpyxl.
2024-09-06 10:48:05,917 - Excel file loaded successfully.
2024-09-06 10:48:05,919 - Email addresses generated successfully.
2024-09-06 10:48:05,921 - Email addresses generated successfully.
2024-09-06 10:48:05,921 - Students with special characters in their names: ['Abwoga, Adrian Jared Paul', "Akong'o, Shanelle Hilda Anyango", "Ang'edu, Jude Ocomil", 'Arunga, Kyla Neema', 'Atenya, Anthony Magunga Ikobwa', 'Budembeshe, Moses Kasuni', 'Dessalegn, Kalid Geleta', 'Epetet, Keith Lokwei', 'Ger, David Otieno', 'Githinji, Don Moses Thigiti', 'Haji, Ashir Ali', 'Hassan, Fardowsa Abduhakim', 'Ismail, Ruweida Ali', 'Johnson, Myles Adebayo', 'Kamau, Ann Mumbi', 'Kangethe, Sharon Wanjiru', 'Karanu, Neema Muthoni', 'Kiarie, Samuel Ndungu', 'Kihara, Shannon Kendi', 'Kimutai, Peter Kibet', 'Kinyua, Victor Mfana', 'Kirema, Ian Muteithia', 'Kithae, Eric Muriithi', 'Korir, Kevin Kimutai', 'Kwoba, Alex Wafula', 'Maritim, Kelvin Kipngeno', 'Masaka, Zivai Takadiwa David', 'Mohamed, Ally Mahamud', 'Morekwa, David Nyamongo', 'Mugambi, Kelvin Karani', 'Muhia, Victor Mwaura', 'Muiyuro, Natasha Waithira', 'Muli, Grace Kanini', 'Muroki, Mark Gichuhi', 'Mutaki, Ruby Mbete', 'Mutua, Franklin Karanja', 'Mutunga, Eric Kiamba', 'Mutunga, Patience Kamanthe', 'Mwanda, George Josiah', 'Nabaala, Andrew Kasaine', 'Naibei, Monicah', 'Ndambiri, Yvonne Nyambura', 'Ndungu, Sarah Laura Wangari', "Ng'ang'a, Ian Mutuge", 'Ngeno, Alvin Kipkurui', 'Ngigi, Michael Macharia', 'Njuguna, Elizabeth Njoki', 'Nugi, Andrew Kiarie', 'Nyambura, Erica', 'Nzioki, Maureen Mutete', 'Ochanda, Steven Joel Jona', 'Ogutu, Brenda Mary Anyango', 'Ombeni, Mwenzangu Faraja', 'Ombongi, Caleb Magare', "Orony, Charis Ng'wono", 'Owens, Nicole Owens', 'Patel, Jay Hirji', 'Tonui, Martin', 'Tum, Bramwel Kipchirchir', 'Wachira, Joy Muthoni', 'Wakaba, Rosemary Njeri', 'Wanjao, Louis Mbugua', "Waweru, Monika Ng'endo", 'Waweru, Trevor Kariuki']
2024-09-06 10:48:05,924 - An error occurred: Cannot save file into a non-existent directory: 'output'
2024-09-06 10:48:41,898 - Excel file loaded successfully.
2024-09-06 10:48:41,899 - Email addresses generated successfully.
2024-09-06 10:48:41,900 - Email addresses generated successfully.
2024-09-06 10:48:41,900 - Students with special characters in their names: ['Abwoga, Adrian Jared Paul', "Akong'o, Shanelle Hilda Anyango", "Ang'edu, Jude Ocomil", 'Arunga, Kyla Neema', 'Atenya, Anthony Magunga Ikobwa', 'Budembeshe, Moses Kasuni', 'Dessalegn, Kalid Geleta', 'Epetet, Keith Lokwei', 'Ger, David Otieno', 'Githinji, Don Moses Thigiti', 'Haji, Ashir Ali', 'Hassan, Fardowsa Abduhakim', 'Ismail, Ruweida Ali', 'Johnson, Myles Adebayo', 'Kamau, Ann Mumbi', 'Kangethe, Sharon Wanjiru', 'Karanu, Neema Muthoni', 'Kiarie, Samuel Ndungu', 'Kihara, Shannon Kendi', 'Kimutai, Peter Kibet', 'Kinyua, Victor Mfana', 'Kirema, Ian Muteithia', 'Kithae, Eric Muriithi', 'Korir, Kevin Kimutai', 'Kwoba, Alex Wafula', 'Maritim, Kelvin Kipngeno', 'Masaka, Zivai Takadiwa David', 'Mohamed, Ally Mahamud', 'Morekwa, David Nyamongo', 'Mugambi, Kelvin Karani', 'Muhia, Victor Mwaura', 'Muiyuro, Natasha Waithira', 'Muli, Grace Kanini', 'Muroki, Mark Gichuhi', 'Mutaki, Ruby Mbete', 'Mutua, Franklin Karanja', 'Mutunga, Eric Kiamba', 'Mutunga, Patience Kamanthe', 'Mwanda, George Josiah', 'Nabaala, Andrew Kasaine', 'Naibei, Monicah', 'Ndambiri, Yvonne Nyambura', 'Ndungu, Sarah Laura Wangari', "Ng'ang'a, Ian Mutuge", 'Ngeno, Alvin Kipkurui', 'Ngigi, Michael Macharia', 'Njuguna, Elizabeth Njoki', 'Nugi, Andrew Kiarie', 'Nyambura, Erica', 'Nzioki, Maureen Mutete', 'Ochanda, Steven Joel Jona', 'Ogutu, Brenda Mary Anyango', 'Ombeni, Mwenzangu Faraja', 'Ombongi, Caleb Magare', "Orony, Charis Ng'wono", 'Owens, Nicole Owens', 'Patel, Jay Hirji', 'Tonui, Martin', 'Tum, Bramwel Kipchirchir', 'Wachira, Joy Muthoni', 'Wakaba, Rosemary Njeri', 'Wanjao, Louis Mbugua', "Waweru, Monika Ng'endo", 'Waweru, Trevor Kariuki']
2024-09-06 10:48:41,905 - Updated dataset saved successfully.
2024-09-06 11:24:35,696 - Excel file loaded successfully.
2024-09-06 11:24:35,701 - Email addresses generated successfully.
2024-09-06 11:24:35,705 - Email addresses generated successfully.
2024-09-06 11:24:35,705 - Students with special characters in their names: ['Abwoga, Adrian Jared Paul', "Akong'o, Shanelle Hilda Anyango", "Ang'edu, Jude Ocomil", 'Arunga, Kyla Neema', 'Atenya, Anthony Magunga Ikobwa', 'Budembeshe, Moses Kasuni', 'Dessalegn, Kalid Geleta', 'Epetet, Keith Lokwei', 'Ger, David Otieno', 'Githinji, Don Moses Thigiti', 'Haji, Ashir Ali', 'Hassan, Fardowsa Abduhakim', 'Ismail, Ruweida Ali', 'Johnson, Myles Adebayo', 'Kamau, Ann Mumbi', 'Kangethe, Sharon Wanjiru', 'Karanu, Neema Muthoni', 'Kiarie, Samuel Ndungu', 'Kihara, Shannon Kendi', 'Kimutai, Peter Kibet', 'Kinyua, Victor Mfana', 'Kirema, Ian Muteithia', 'Kithae, Eric Muriithi', 'Korir, Kevin Kimutai', 'Kwoba, Alex Wafula', 'Maritim, Kelvin Kipngeno', 'Masaka, Zivai Takadiwa David', 'Mohamed, Ally Mahamud', 'Morekwa, David Nyamongo', 'Mugambi, Kelvin Karani', 'Muhia, Victor Mwaura', 'Muiyuro, Natasha Waithira', 'Muli, Grace Kanini', 'Muroki, Mark Gichuhi', 'Mutaki, Ruby Mbete', 'Mutua, Franklin Karanja', 'Mutunga, Eric Kiamba', 'Mutunga, Patience Kamanthe', 'Mwanda, George Josiah', 'Nabaala, Andrew Kasaine', 'Naibei, Monicah', 'Ndambiri, Yvonne Nyambura', 'Ndungu, Sarah Laura Wangari', "Ng'ang'a, Ian Mutuge", 'Ngeno, Alvin Kipkurui', 'Ngigi, Michael Macharia', 'Njuguna, Elizabeth Njoki', 'Nugi, Andrew Kiarie', 'Nyambura, Erica', 'Nzioki, Maureen Mutete', 'Ochanda, Steven Joel Jona', 'Ogutu, Brenda Mary Anyango', 'Ombeni, Mwenzangu Faraja', 'Ombongi, Caleb Magare', "Orony, Charis Ng'wono", 'Owens, Nicole Owens', 'Patel, Jay Hirji', 'Tonui, Martin', 'Tum, Bramwel Kipchirchir', 'Wachira, Joy Muthoni', 'Wakaba, Rosemary Njeri', 'Wanjao, Louis Mbugua', "Waweru, Monika Ng'endo", 'Waweru, Trevor Kariuki']
2024-09-06 11:24:35,709 - An error occurred: Cannot save file into a non-existent directory: 'output'
2024-09-06 12:20:53,463 - Excel file loaded successfully.
2024-09-06 12:20:53,508 - Email addresses generated successfully.
2024-09-06 12:20:53,514 - Number of male students: 40
2024-09-06 12:20:53,514 - Number of female students: 24
2024-09-06 12:20:53,514 - Students with special characters in their names: ['Abwoga, Adrian Jared Paul', "Akong'o, Shanelle Hilda Anyango", "Ang'edu, Jude Ocomil", 'Arunga, Kyla Neema', 'Atenya, Anthony Magunga Ikobwa', 'Budembeshe, Moses Kasuni', 'Dessalegn, Kalid Geleta', 'Epetet, Keith Lokwei', 'Ger, David Otieno', 'Githinji, Don Moses Thigiti', 'Haji, Ashir Ali', 'Hassan, Fardowsa Abduhakim', 'Ismail, Ruweida Ali', 'Johnson, Myles Adebayo', 'Kamau, Ann Mumbi', 'Kangethe, Sharon Wanjiru', 'Karanu, Neema Muthoni', 'Kiarie, Samuel Ndungu', 'Kihara, Shannon Kendi', 'Kimutai, Peter Kibet', 'Kinyua, Victor Mfana', 'Kirema, Ian Muteithia', 'Kithae, Eric Muriithi', 'Korir, Kevin Kimutai', 'Kwoba, Alex Wafula', 'Maritim, Kelvin Kipngeno', 'Masaka, Zivai Takadiwa David', 'Mohamed, Ally Mahamud', 'Morekwa, David Nyamongo', 'Mugambi, Kelvin Karani', 'Muhia, Victor Mwaura', 'Muiyuro, Natasha Waithira', 'Muli, Grace Kanini', 'Muroki, Mark Gichuhi', 'Mutaki, Ruby Mbete', 'Mutua, Franklin Karanja', 'Mutunga, Eric Kiamba', 'Mutunga, Patience Kamanthe', 'Mwanda, George Josiah', 'Nabaala, Andrew Kasaine', 'Naibei, Monicah', 'Ndambiri, Yvonne Nyambura', 'Ndungu, Sarah Laura Wangari', "Ng'ang'a, Ian Mutuge", 'Ngeno, Alvin Kipkurui', 'Ngigi, Michael Macharia', 'Njuguna, Elizabeth Njoki', 'Nugi, Andrew Kiarie', 'Nyambura, Erica', 'Nzioki, Maureen Mutete', 'Ochanda, Steven Joel Jona', 'Ogutu, Brenda Mary Anyango', 'Ombeni, Mwenzangu Faraja', 'Ombongi, Caleb Magare', "Orony, Charis Ng'wono", 'Owens, Nicole Owens', 'Patel, Jay Hirji', 'Tonui, Martin', 'Tum, Bramwel Kipchirchir', 'Wachira, Joy Muthoni', 'Wakaba, Rosemary Njeri', 'Wanjao, Louis Mbugua', "Waweru, Monika Ng'endo", 'Waweru, Trevor Kariuki']
2024-09-06 12:20:53,521 - Updated dataset saved successfully.
2024-09-06 13:11:25,495 - Excel file loaded successfully.
2024-09-06 13:11:25,542 - Email addresses generated successfully.
2024-09-06 13:11:25,558 - Number of male students: 40
2024-09-06 13:11:25,558 - Number of female students: 24
2024-09-06 13:11:25,558 - Students with special characters in their names: ['Abwoga, Adrian Jared Paul', "Akong'o, Shanelle Hilda Anyango", "Ang'edu, Jude Ocomil", 'Arunga, Kyla Neema', 'Atenya, Anthony Magunga Ikobwa', 'Budembeshe, Moses Kasuni', 'Dessalegn, Kalid Geleta', 'Epetet, Keith Lokwei', 'Ger, David Otieno', 'Githinji, Don Moses Thigiti', 'Haji, Ashir Ali', 'Hassan, Fardowsa Abduhakim', 'Ismail, Ruweida Ali', 'Johnson, Myles Adebayo', 'Kamau, Ann Mumbi', 'Kangethe, Sharon Wanjiru', 'Karanu, Neema Muthoni', 'Kiarie, Samuel Ndungu', 'Kihara, Shannon Kendi', 'Kimutai, Peter Kibet', 'Kinyua, Victor Mfana', 'Kirema, Ian Muteithia', 'Kithae, Eric Muriithi', 'Korir, Kevin Kimutai', 'Kwoba, Alex Wafula', 'Maritim, Kelvin Kipngeno', 'Masaka, Zivai Takadiwa David', 'Mohamed, Ally Mahamud', 'Morekwa, David Nyamongo', 'Mugambi, Kelvin Karani', 'Muhia, Victor Mwaura', 'Muiyuro, Natasha Waithira', 'Muli, Grace Kanini', 'Muroki, Mark Gichuhi', 'Mutaki, Ruby Mbete', 'Mutua, Franklin Karanja', 'Mutunga, Eric Kiamba', 'Mutunga, Patience Kamanthe', 'Mwanda, George Josiah', 'Nabaala, Andrew Kasaine', 'Naibei, Monicah', 'Ndambiri, Yvonne Nyambura', 'Ndungu, Sarah Laura Wangari', "Ng'ang'a, Ian Mutuge", 'Ngeno, Alvin Kipkurui', 'Ngigi, Michael Macharia', 'Njuguna, Elizabeth Njoki', 'Nugi, Andrew Kiarie', 'Nyambura, Erica', 'Nzioki, Maureen Mutete', 'Ochanda, Steven Joel Jona', 'Ogutu, Brenda Mary Anyango', 'Ombeni, Mwenzangu Faraja', 'Ombongi, Caleb Magare', "Orony, Charis Ng'wono", 'Owens, Nicole Owens', 'Patel, Jay Hirji', 'Tonui, Martin', 'Tum, Bramwel Kipchirchir', 'Wachira, Joy Muthoni', 'Wakaba, Rosemary Njeri', 'Wanjao, Louis Mbugua', "Waweru, Monika Ng'endo", 'Waweru, Trevor Kariuki']
2024-09-06 13:11:28,103 - Updated dataset saved successfully.
2024-09-06 13:17:01,122 - Excel file loaded successfully.
2024-09-06 13:17:01,130 - Email addresses generated successfully.
2024-09-06 13:17:01,130 - Number of male students: 40
2024-09-06 13:17:01,130 - Number of female students: 24
2024-09-06 13:17:01,130 - Students with special characters in their names: ['Abwoga, Adrian Jared Paul', "Akong'o, Shanelle Hilda Anyango", "Ang'edu, Jude Ocomil", 'Arunga, Kyla Neema', 'Atenya, Anthony Magunga Ikobwa', 'Budembeshe, Moses Kasuni', 'Dessalegn, Kalid Geleta', 'Epetet, Keith Lokwei', 'Ger, David Otieno', 'Githinji, Don Moses Thigiti', 'Haji, Ashir Ali', 'Hassan, Fardowsa Abduhakim', 'Ismail, Ruweida Ali', 'Johnson, Myles Adebayo', 'Kamau, Ann Mumbi', 'Kangethe, Sharon Wanjiru', 'Karanu, Neema Muthoni', 'Kiarie, Samuel Ndungu', 'Kihara, Shannon Kendi', 'Kimutai, Peter Kibet', 'Kinyua, Victor Mfana', 'Kirema, Ian Muteithia', 'Kithae, Eric Muriithi', 'Korir, Kevin Kimutai', 'Kwoba, Alex Wafula', 'Maritim, Kelvin Kipngeno', 'Masaka, Zivai Takadiwa David', 'Mohamed, Ally Mahamud', 'Morekwa, David Nyamongo', 'Mugambi, Kelvin Karani', 'Muhia, Victor Mwaura', 'Muiyuro, Natasha Waithira', 'Muli, Grace Kanini', 'Muroki, Mark Gichuhi', 'Mutaki, Ruby Mbete', 'Mutua, Franklin Karanja', 'Mutunga, Eric Kiamba', 'Mutunga, Patience Kamanthe', 'Mwanda, George Josiah', 'Nabaala, Andrew Kasaine', 'Naibei, Monicah', 'Ndambiri, Yvonne Nyambura', 'Ndungu, Sarah Laura Wangari', "Ng'ang'a, Ian Mutuge", 'Ngeno, Alvin Kipkurui', 'Ngigi, Michael Macharia', 'Njuguna, Elizabeth Njoki', 'Nugi, Andrew Kiarie', 'Nyambura, Erica', 'Nzioki, Maureen Mutete', 'Ochanda, Steven Joel Jona', 'Ogutu, Brenda Mary Anyango', 'Ombeni, Mwenzangu Faraja', 'Ombongi, Caleb Magare', "Orony, Charis Ng'wono", 'Owens, Nicole Owens', 'Patel, Jay Hirji', 'Tonui, Martin', 'Tum, Bramwel Kipchirchir', 'Wachira, Joy Muthoni', 'Wakaba, Rosemary Njeri', 'Wanjao, Louis Mbugua', "Waweru, Monika Ng'endo", 'Waweru, Trevor Kariuki']
2024-09-06 13:17:02,593 - Updated dataset saved successfully.
2024-09-06 20:43:19,890 - Excel file loaded successfully.
2024-09-06 20:43:19,910 - Email addresses generated successfully.
2024-09-06 20:43:19,930 - Number of male students: 40
2024-09-06 20:43:19,930 - Number of female students: 24
2024-09-06 20:43:19,931 - Students with special characters in their names: ['Abwoga, Adrian Jared Paul', "Akong'o, Shanelle Hilda Anyango", "Ang'edu, Jude Ocomil", 'Arunga, Kyla Neema', 'Atenya, Anthony Magunga Ikobwa', 'Budembeshe, Moses Kasuni', 'Dessalegn, Kalid Geleta', 'Epetet, Keith Lokwei', 'Ger, David Otieno', 'Githinji, Don Moses Thigiti', 'Haji, Ashir Ali', 'Hassan, Fardowsa Abduhakim', 'Ismail, Ruweida Ali', 'Johnson, Myles Adebayo', 'Kamau, Ann Mumbi', 'Kangethe, Sharon Wanjiru', 'Karanu, Neema Muthoni', 'Kiarie, Samuel Ndungu', 'Kihara, Shannon Kendi', 'Kimutai, Peter Kibet', 'Kinyua, Victor Mfana', 'Kirema, Ian Muteithia', 'Kithae, Eric Muriithi', 'Korir, Kevin Kimutai', 'Kwoba, Alex Wafula', 'Maritim, Kelvin Kipngeno', 'Masaka, Zivai Takadiwa David', 'Mohamed, Ally Mahamud', 'Morekwa, David Nyamongo', 'Mugambi, Kelvin Karani', 'Muhia, Victor Mwaura', 'Muiyuro, Natasha Waithira', 'Muli, Grace Kanini', 'Muroki, Mark Gichuhi', 'Mutaki, Ruby Mbete', 'Mutua, Franklin Karanja', 'Mutunga, Eric Kiamba', 'Mutunga, Patience Kamanthe', 'Mwanda, George Josiah', 'Nabaala, Andrew Kasaine', 'Naibei, Monicah', 'Ndambiri, Yvonne Nyambura', 'Ndungu, Sarah Laura Wangari', "Ng'ang'a, Ian Mutuge", 'Ngeno, Alvin Kipkurui', 'Ngigi, Michael Macharia', 'Njuguna, Elizabeth Njoki', 'Nugi, Andrew Kiarie', 'Nyambura, Erica', 'Nzioki, Maureen Mutete', 'Ochanda, Steven Joel Jona', 'Ogutu, Brenda Mary Anyango', 'Ombeni, Mwenzangu Faraja', 'Ombongi, Caleb Magare', "Orony, Charis Ng'wono", 'Owens, Nicole Owens', 'Patel, Jay Hirji', 'Tonui, Martin', 'Tum, Bramwel Kipchirchir', 'Wachira, Joy Muthoni', 'Wakaba, Rosemary Njeri', 'Wanjao, Louis Mbugua', "Waweru, Monika Ng'endo", 'Waweru, Trevor Kariuki']
2024-09-06 20:43:22,824 - Number of male students: 40
2024-09-06 20:43:22,824 - Number of female students: 24
2024-09-06 20:43:22,840 - Data shuffled and saved as JSON, JSONL, and TSV successfully.
2024-09-06 20:43:22,840 - All operations completed successfully.
2024-09-11 04:10:03,671 - Excel file loaded successfully.
2024-09-11 04:10:03,703 - Email addresses generated successfully.
2024-09-11 04:10:03,718 - Number of male students: 40
2024-09-11 04:10:03,718 - Number of female students: 24
2024-09-11 04:10:03,718 - Students with special characters in their names: ['Abwoga, Adrian Jared Paul', "Akong'o, Shanelle Hilda Anyango", "Ang'edu, Jude Ocomil", 'Arunga, Kyla Neema', 'Atenya, Anthony Magunga Ikobwa', 'Budembeshe, Moses Kasuni', 'Dessalegn, Kalid Geleta', 'Epetet, Keith Lokwei', 'Ger, David Otieno', 'Githinji, Don Moses Thigiti', 'Haji, Ashir Ali', 'Hassan, Fardowsa Abduhakim', 'Ismail, Ruweida Ali', 'Johnson, Myles Adebayo', 'Kamau, Ann Mumbi', 'Kangethe, Sharon Wanjiru', 'Karanu, Neema Muthoni', 'Kiarie, Samuel Ndungu', 'Kihara, Shannon Kendi', 'Kimutai, Peter Kibet', 'Kinyua, Victor Mfana', 'Kirema, Ian Muteithia', 'Kithae, Eric Muriithi', 'Korir, Kevin Kimutai', 'Kwoba, Alex Wafula', 'Maritim, Kelvin Kipngeno', 'Masaka, Zivai Takadiwa David', 'Mohamed, Ally Mahamud', 'Morekwa, David Nyamongo', 'Mugambi, Kelvin Karani', 'Muhia, Victor Mwaura', 'Muiyuro, Natasha Waithira', 'Muli, Grace Kanini', 'Muroki, Mark Gichuhi', 'Mutaki, Ruby Mbete', 'Mutua, Franklin Karanja', 'Mutunga, Eric Kiamba', 'Mutunga, Patience Kamanthe', 'Mwanda, George Josiah', 'Nabaala, Andrew Kasaine', 'Naibei, Monicah', 'Ndambiri, Yvonne Nyambura', 'Ndungu, Sarah Laura Wangari', "Ng'ang'a, Ian Mutuge", 'Ngeno, Alvin Kipkurui', 'Ngigi, Michael Macharia', 'Njuguna, Elizabeth Njoki', 'Nugi, Andrew Kiarie', 'Nyambura, Erica', 'Nzioki, Maureen Mutete', 'Ochanda, Steven Joel Jona', 'Ogutu, Brenda Mary Anyango', 'Ombeni, Mwenzangu Faraja', 'Ombongi, Caleb Magare', "Orony, Charis Ng'wono", 'Owens, Nicole Owens', 'Patel, Jay Hirji', 'Tonui, Martin', 'Tum, Bramwel Kipchirchir', 'Wachira, Joy Muthoni', 'Wakaba, Rosemary Njeri', 'Wanjao, Louis Mbugua', "Waweru, Monika Ng'endo", 'Waweru, Trevor Kariuki']
2024-09-11 04:10:06,753 - Number of male students: 40
2024-09-11 04:10:06,753 - Number of female students: 24
2024-09-11 04:10:06,753 - Data shuffled and saved as JSON, JSONL, and TSV successfully.
2024-09-11 04:10:06,753 - All operations completed successfully.
2024-09-11 04:15:13,803 - Excel file loaded successfully.
2024-09-11 04:15:13,805 - Email addresses generated successfully.
2024-09-11 04:15:13,809 - Number of male students: 40
2024-09-11 04:15:13,809 - Number of female students: 24
2024-09-11 04:15:13,810 - Students with special characters in their names: ['Abwoga, Adrian Jared Paul', "Akong'o, Shanelle Hilda Anyango", "Ang'edu, Jude Ocomil", 'Arunga, Kyla Neema', 'Atenya, Anthony Magunga Ikobwa', 'Budembeshe, Moses Kasuni', 'Dessalegn, Kalid Geleta', 'Epetet, Keith Lokwei', 'Ger, David Otieno', 'Githinji, Don Moses Thigiti', 'Haji, Ashir Ali', 'Hassan, Fardowsa Abduhakim', 'Ismail, Ruweida Ali', 'Johnson, Myles Adebayo', 'Kamau, Ann Mumbi', 'Kangethe, Sharon Wanjiru', 'Karanu, Neema Muthoni', 'Kiarie, Samuel Ndungu', 'Kihara, Shannon Kendi', 'Kimutai, Peter Kibet', 'Kinyua, Victor Mfana', 'Kirema, Ian Muteithia', 'Kithae, Eric Muriithi', 'Korir, Kevin Kimutai', 'Kwoba, Alex Wafula', 'Maritim, Kelvin Kipngeno', 'Masaka, Zivai Takadiwa David', 'Mohamed, Ally Mahamud', 'Morekwa, David Nyamongo', 'Mugambi, Kelvin Karani', 'Muhia, Victor Mwaura', 'Muiyuro, Natasha Waithira', 'Muli, Grace Kanini', 'Muroki, Mark Gichuhi', 'Mutaki, Ruby Mbete', 'Mutua, Franklin Karanja', 'Mutunga, Eric Kiamba', 'Mutunga, Patience Kamanthe', 'Mwanda, George Josiah', 'Nabaala, Andrew Kasaine', 'Naibei, Monicah', 'Ndambiri, Yvonne Nyambura', 'Ndungu, Sarah Laura Wangari', "Ng'ang'a, Ian Mutuge", 'Ngeno, Alvin Kipkurui', 'Ngigi, Michael Macharia', 'Njuguna, Elizabeth Njoki', 'Nugi, Andrew Kiarie', 'Nyambura, Erica', 'Nzioki, Maureen Mutete', 'Ochanda, Steven Joel Jona', 'Ogutu, Brenda Mary Anyango', 'Ombeni, Mwenzangu Faraja', 'Ombongi, Caleb Magare', "Orony, Charis Ng'wono", 'Owens, Nicole Owens', 'Patel, Jay Hirji', 'Tonui, Martin', 'Tum, Bramwel Kipchirchir', 'Wachira, Joy Muthoni', 'Wakaba, Rosemary Njeri', 'Wanjao, Louis Mbugua', "Waweru, Monika Ng'endo", 'Waweru, Trevor Kariuki']
2024-09-11 04:15:15,047 - Number of male students: 40
2024-09-11 04:15:15,047 - Number of female students: 24
2024-09-11 04:15:15,056 - Data shuffled and saved as JSON, JSONL, and TSV successfully.
2024-09-11 04:15:15,056 - All operations completed successfully.
2024-09-11 06:52:14,520 - Excel file loaded successfully.
2024-09-11 06:52:14,556 - Email addresses generated successfully.
2024-09-11 06:52:14,563 - Number of male students: 40
2024-09-11 06:52:14,563 - Number of female students: 24
2024-09-11 06:52:14,563 - Students with special characters in their names: ['Abwoga, Adrian Jared Paul', "Akong'o, Shanelle Hilda Anyango", "Ang'edu, Jude Ocomil", 'Arunga, Kyla Neema', 'Atenya, Anthony Magunga Ikobwa', 'Budembeshe, Moses Kasuni', 'Dessalegn, Kalid Geleta', 'Epetet, Keith Lokwei', 'Ger, David Otieno', 'Githinji, Don Moses Thigiti', 'Haji, Ashir Ali', 'Hassan, Fardowsa Abduhakim', 'Ismail, Ruweida Ali', 'Johnson, Myles Adebayo', 'Kamau, Ann Mumbi', 'Kangethe, Sharon Wanjiru', 'Karanu, Neema Muthoni', 'Kiarie, Samuel Ndungu', 'Kihara, Shannon Kendi', 'Kimutai, Peter Kibet', 'Kinyua, Victor Mfana', 'Kirema, Ian Muteithia', 'Kithae, Eric Muriithi', 'Korir, Kevin Kimutai', 'Kwoba, Alex Wafula', 'Maritim, Kelvin Kipngeno', 'Masaka, Zivai Takadiwa David', 'Mohamed, Ally Mahamud', 'Morekwa, David Nyamongo', 'Mugambi, Kelvin Karani', 'Muhia, Victor Mwaura', 'Muiyuro, Natasha Waithira', 'Muli, Grace Kanini', 'Muroki, Mark Gichuhi', 'Mutaki, Ruby Mbete', 'Mutua, Franklin Karanja', 'Mutunga, Eric Kiamba', 'Mutunga, Patience Kamanthe', 'Mwanda, George Josiah', 'Nabaala, Andrew Kasaine', 'Naibei, Monicah', 'Ndambiri, Yvonne Nyambura', 'Ndungu, Sarah Laura Wangari', "Ng'ang'a, Ian Mutuge", 'Ngeno, Alvin Kipkurui', 'Ngigi, Michael Macharia', 'Njuguna, Elizabeth Njoki', 'Nugi, Andrew Kiarie', 'Nyambura, Erica', 'Nzioki, Maureen Mutete', 'Ochanda, Steven Joel Jona', 'Ogutu, Brenda Mary Anyango', 'Ombeni, Mwenzangu Faraja', 'Ombongi, Caleb Magare', "Orony, Charis Ng'wono", 'Owens, Nicole Owens', 'Patel, Jay Hirji', 'Tonui, Martin', 'Tum, Bramwel Kipchirchir', 'Wachira, Joy Muthoni', 'Wakaba, Rosemary Njeri', 'Wanjao, Louis Mbugua', "Waweru, Monika Ng'endo", 'Waweru, Trevor Kariuki']
2024-09-11 06:52:17,233 - Number of male students: 40
2024-09-11 06:52:17,233 - Number of female students: 24
2024-09-11 06:52:17,252 - Data shuffled and saved as JSON, JSONL, and TSV successfully.
2024-09-11 06:52:17,252 - All operations completed successfully.
2024-09-11 06:52:33,580 - "GET /?state=c2zSvtGAljOkP8KP4e6mq0C5RwlyR6&code=4/0AQlEd8zBMY-GOTITZCjDcGAuNvWTmBHY4d8gASbYg7fCYK27I5mDbO7lH6ZWBhLUJsWIVQ&scope=https://www.googleapis.com/auth/drive.file HTTP/1.1" 200 65
2024-09-11 06:52:33,981 - file_cache is only supported with oauth2client<4.0.0
2024-09-11 06:55:27,576 - Files have been backed up to Google Drive.
2024-09-11 07:02:36,983 - Excel file loaded successfully.
2024-09-11 07:02:37,009 - Email addresses generated successfully.
2024-09-11 07:02:37,015 - Number of male students: 40
2024-09-11 07:02:37,015 - Number of female students: 24
2024-09-11 07:02:37,015 - Students with special characters in their names: ['Abwoga, Adrian Jared Paul', "Akong'o, Shanelle Hilda Anyango", "Ang'edu, Jude Ocomil", 'Arunga, Kyla Neema', 'Atenya, Anthony Magunga Ikobwa', 'Budembeshe, Moses Kasuni', 'Dessalegn, Kalid Geleta', 'Epetet, Keith Lokwei', 'Ger, David Otieno', 'Githinji, Don Moses Thigiti', 'Haji, Ashir Ali', 'Hassan, Fardowsa Abduhakim', 'Ismail, Ruweida Ali', 'Johnson, Myles Adebayo', 'Kamau, Ann Mumbi', 'Kangethe, Sharon Wanjiru', 'Karanu, Neema Muthoni', 'Kiarie, Samuel Ndungu', 'Kihara, Shannon Kendi', 'Kimutai, Peter Kibet', 'Kinyua, Victor Mfana', 'Kirema, Ian Muteithia', 'Kithae, Eric Muriithi', 'Korir, Kevin Kimutai', 'Kwoba, Alex Wafula', 'Maritim, Kelvin Kipngeno', 'Masaka, Zivai Takadiwa David', 'Mohamed, Ally Mahamud', 'Morekwa, David Nyamongo', 'Mugambi, Kelvin Karani', 'Muhia, Victor Mwaura', 'Muiyuro, Natasha Waithira', 'Muli, Grace Kanini', 'Muroki, Mark Gichuhi', 'Mutaki, Ruby Mbete', 'Mutua, Franklin Karanja', 'Mutunga, Eric Kiamba', 'Mutunga, Patience Kamanthe', 'Mwanda, George Josiah', 'Nabaala, Andrew Kasaine', 'Naibei, Monicah', 'Ndambiri, Yvonne Nyambura', 'Ndungu, Sarah Laura Wangari', "Ng'ang'a, Ian Mutuge", 'Ngeno, Alvin Kipkurui', 'Ngigi, Michael Macharia', 'Njuguna, Elizabeth Njoki', 'Nugi, Andrew Kiarie', 'Nyambura, Erica', 'Nzioki, Maureen Mutete', 'Ochanda, Steven Joel Jona', 'Ogutu, Brenda Mary Anyango', 'Ombeni, Mwenzangu Faraja', 'Ombongi, Caleb Magare', "Orony, Charis Ng'wono", 'Owens, Nicole Owens', 'Patel, Jay Hirji', 'Tonui, Martin', 'Tum, Bramwel Kipchirchir', 'Wachira, Joy Muthoni', 'Wakaba, Rosemary Njeri', 'Wanjao, Louis Mbugua', "Waweru, Monika Ng'endo", 'Waweru, Trevor Kariuki']
2024-09-11 07:02:39,392 - Number of male students: 40
2024-09-11 07:02:39,393 - Number of female students: 24
2024-09-11 07:02:39,401 - Data shuffled and saved as JSON, JSONL, and TSV successfully.
2024-09-11 07:02:39,402 - All operations completed successfully.
2024-09-11 07:02:39,423 - file_cache is only supported with oauth2client<4.0.0
2024-09-11 07:05:38,462 - Files have been backed up to Google Drive.
2024-09-11 07:13:31,144 - Excel file loaded successfully.
2024-09-11 07:13:31,170 - Email addresses generated successfully.
2024-09-11 07:13:31,175 - Number of male students: 40
2024-09-11 07:13:31,175 - Number of female students: 24
2024-09-11 07:13:31,176 - Students with special characters in their names: ['Abwoga, Adrian Jared Paul', "Akong'o, Shanelle Hilda Anyango", "Ang'edu, Jude Ocomil", 'Arunga, Kyla Neema', 'Atenya, Anthony Magunga Ikobwa', 'Budembeshe, Moses Kasuni', 'Dessalegn, Kalid Geleta', 'Epetet, Keith Lokwei', 'Ger, David Otieno', 'Githinji, Don Moses Thigiti', 'Haji, Ashir Ali', 'Hassan, Fardowsa Abduhakim', 'Ismail, Ruweida Ali', 'Johnson, Myles Adebayo', 'Kamau, Ann Mumbi', 'Kangethe, Sharon Wanjiru', 'Karanu, Neema Muthoni', 'Kiarie, Samuel Ndungu', 'Kihara, Shannon Kendi', 'Kimutai, Peter Kibet', 'Kinyua, Victor Mfana', 'Kirema, Ian Muteithia', 'Kithae, Eric Muriithi', 'Korir, Kevin Kimutai', 'Kwoba, Alex Wafula', 'Maritim, Kelvin Kipngeno', 'Masaka, Zivai Takadiwa David', 'Mohamed, Ally Mahamud', 'Morekwa, David Nyamongo', 'Mugambi, Kelvin Karani', 'Muhia, Victor Mwaura', 'Muiyuro, Natasha Waithira', 'Muli, Grace Kanini', 'Muroki, Mark Gichuhi', 'Mutaki, Ruby Mbete', 'Mutua, Franklin Karanja', 'Mutunga, Eric Kiamba', 'Mutunga, Patience Kamanthe', 'Mwanda, George Josiah', 'Nabaala, Andrew Kasaine', 'Naibei, Monicah', 'Ndambiri, Yvonne Nyambura', 'Ndungu, Sarah Laura Wangari', "Ng'ang'a, Ian Mutuge", 'Ngeno, Alvin Kipkurui', 'Ngigi, Michael Macharia', 'Njuguna, Elizabeth Njoki', 'Nugi, Andrew Kiarie', 'Nyambura, Erica', 'Nzioki, Maureen Mutete', 'Ochanda, Steven Joel Jona', 'Ogutu, Brenda Mary Anyango', 'Ombeni, Mwenzangu Faraja', 'Ombongi, Caleb Magare', "Orony, Charis Ng'wono", 'Owens, Nicole Owens', 'Patel, Jay Hirji', 'Tonui, Martin', 'Tum, Bramwel Kipchirchir', 'Wachira, Joy Muthoni', 'Wakaba, Rosemary Njeri', 'Wanjao, Louis Mbugua', "Waweru, Monika Ng'endo", 'Waweru, Trevor Kariuki']
2024-09-11 07:13:34,837 - Number of male students: 40
2024-09-11 07:13:34,837 - Number of female students: 24
2024-09-11 07:13:35,028 - Data shuffled and saved as JSON, JSONL, and TSV successfully.
2024-09-11 07:13:35,028 - All operations completed successfully.
2024-09-11 07:13:35,392 - file_cache is only supported with oauth2client<4.0.0
2024-09-11 07:18:19,578 - Files have been backed up to Google Drive.
